
------------------ SUCCESS ------------------
-> Found Server: Muslim Gang
-> Searching for log channel...
-> Found log channel: sheikh-pepe
-> Connection status: ONLINE
-> Loading modules...
-> Initialization complete
-> Command ">uptime" executed by UstadhPepe
-> Command ">host" executed by UstadhPepe
-> Command ">systeminfo" executed by UstadhPepe
-> Command ">terminate" executed by UstadhPepe
-> Command ">joke" executed by UstadhPepe
-> Command ">joke" executed by UstadhPepe
-> Command ">joke" executed by UstadhPepe
-> Command ">joke" executed by UstadhPepe
-> Command ">joke" executed by UstadhPepe
-> Command ">joke" executed by UstadhPepe
-> Command ">ping" executed by UstadhPepe
-> Command ">ping" executed by UstadhPepe
-> Command ">version" executed by UstadhPepe
-> Command ">terminate" executed by ICAZ117
-> Terminating program execution


